<?xml version="1.0" encoding="UTF-8"?>
<!-- Generated by org.testng.reporters.JUnitReportReporter -->
<testsuite hostname="Grace" failures="0" tests="1" name="PMI_TestCases.BabyReg_Test" time="117.245" errors="0" timestamp="2024-07-08T17:15:01 IST" skipped="0">
  <testcase classname="PMI_TestCases.BabyReg_Test" name="babyReg_TC2" time="117.245"/>
</testsuite> <!-- PMI_TestCases.BabyReg_Test -->
