<?xml version="1.0" encoding="UTF-8"?>
<!-- Generated by org.testng.reporters.JUnitReportReporter -->
<testsuite hostname="Grace" failures="0" tests="1" name="TestCases.ADT_TestCases.Discharge_Test" time="64.081" errors="0" timestamp="2024-11-01T20:24:56 IST" skipped="0">
  <testcase classname="TestCases.ADT_TestCases.Discharge_Test" name="dischargeTestCases_TC04" time="64.081"/>
</testsuite> <!-- TestCases.ADT_TestCases.Discharge_Test -->
