<?xml version="1.0" encoding="UTF-8"?>
<!-- Generated by org.testng.reporters.JUnitReportReporter -->
<testsuite hostname="Grace" failures="0" tests="1" name="TestCases.EMR_TestCases.TC021_Allergies_Test" time="68.804" errors="0" timestamp="2025-04-08T01:21:40 IST" skipped="0">
  <testcase classname="TestCases.EMR_TestCases.TC021_Allergies_Test" name="allergies" time="68.804"/>
</testsuite> <!-- TestCases.EMR_TestCases.TC021_Allergies_Test -->
