<?xml version="1.0" encoding="UTF-8"?>
<!-- Generated by org.testng.reporters.JUnitReportReporter -->
<testsuite hostname="Grace" failures="0" tests="1" name="OR_TestCases.ORBooking_Test" time="62.014" errors="0" timestamp="2024-07-01T11:35:00 IST" skipped="0">
  <testcase classname="OR_TestCases.ORBooking_Test" name="orBooking_TC1" time="62.014"/>
</testsuite> <!-- OR_TestCases.ORBooking_Test -->
