<?xml version="1.0" encoding="UTF-8"?>
<!-- Generated by org.testng.reporters.JUnitReportReporter -->
<testsuite hostname="Grace" failures="0" tests="1" name="ADT_TestCases.BedTransfer_Test" time="41.199" errors="0" timestamp="2024-07-17T10:58:48 IST" skipped="0">
  <testcase classname="ADT_TestCases.BedTransfer_Test" name="bedTransfer_TC3" time="41.199"/>
</testsuite> <!-- ADT_TestCases.BedTransfer_Test -->
