<?xml version="1.0" encoding="UTF-8"?>
<!-- Generated by org.testng.reporters.JUnitReportReporter -->
<testsuite hostname="Grace" failures="0" tests="5" name="NursingCarePlan_TestCases.BuildingCareOfPlan_Test" time="76.907" errors="0" timestamp="2024-06-24T13:22:26 IST" skipped="0">
  <testcase classname="NursingCarePlan_TestCases.BuildingCareOfPlan_Test" name="Building_CareOfPlan_TC01" time="19.961"/>
  <testcase classname="NursingCarePlan_TestCases.BuildingCareOfPlan_Test" name="Building_CareOfPlan_TC02" time="45.170"/>
  <testcase classname="NursingCarePlan_TestCases.BuildingCareOfPlan_Test" name="Building_CareOfPlan_TC04" time="5.421"/>
  <testcase classname="NursingCarePlan_TestCases.BuildingCareOfPlan_Test" name="Building_CareOfPlan_TC03" time="2.669"/>
  <testcase classname="NursingCarePlan_TestCases.BuildingCareOfPlan_Test" name="Building_CareOfPlan_TC05" time="3.686"/>
</testsuite> <!-- NursingCarePlan_TestCases.BuildingCareOfPlan_Test -->
