<?xml version="1.0" encoding="UTF-8"?>
<!-- Generated by org.testng.reporters.JUnitReportReporter -->
<testsuite hostname="Grace" failures="0" tests="1" name="TestCases.EMR_TestCases.TC030_IVOrder_Test" time="105.531" errors="0" timestamp="2025-04-08T02:07:54 IST" skipped="0">
  <testcase classname="TestCases.EMR_TestCases.TC030_IVOrder_Test" name="IVOrder_Test" time="105.531"/>
</testsuite> <!-- TestCases.EMR_TestCases.TC030_IVOrder_Test -->
