<?xml version="1.0" encoding="UTF-8"?>
<!-- Generated by org.testng.reporters.JUnitReportReporter -->
<testsuite hostname="Grace" failures="0" tests="1" name="TestCases.Mortuary_TestCases.MortuaryWorklist_EmbalmingAndShip_Test" time="44.438" errors="0" timestamp="2024-08-18T15:38:55 IST" skipped="0">
  <testcase classname="TestCases.Mortuary_TestCases.MortuaryWorklist_EmbalmingAndShip_Test" name="morturayWorklist_embalmingAndShip_TC5" time="44.438"/>
</testsuite> <!-- TestCases.Mortuary_TestCases.MortuaryWorklist_EmbalmingAndShip_Test -->
