<?xml version="1.0" encoding="UTF-8"?>
<!-- Generated by org.testng.reporters.JUnitReportReporter -->
<testsuite hostname="Grace" failures="0" tests="1" name="TestCases.Mortuary_TestCases.SendToMortuary_Test" time="26.049" errors="0" timestamp="2024-08-07T23:47:42 IST" skipped="0">
  <testcase classname="TestCases.Mortuary_TestCases.SendToMortuary_Test" name="sendToMortuary_Test" time="26.049"/>
</testsuite> <!-- TestCases.Mortuary_TestCases.SendToMortuary_Test -->
