<?xml version="1.0" encoding="UTF-8"?>
<!-- Generated by org.testng.reporters.JUnitReportReporter -->
<testsuite hostname="Grace" failures="0" tests="1" name="TestCases.EMR_TestCases.TC034_NurseTask_Test" time="49.769" errors="0" timestamp="2025-04-08T16:48:08 IST" skipped="0">
  <testcase classname="TestCases.EMR_TestCases.TC034_NurseTask_Test" name="nurseTask" time="49.769"/>
</testsuite> <!-- TestCases.EMR_TestCases.TC034_NurseTask_Test -->
