<?xml version="1.0" encoding="UTF-8"?>
<!-- Generated by org.testng.reporters.JUnitReportReporter -->
<testsuite hostname="Grace" failures="0" tests="2" name="TestCases.Mortuary_TestCases.MortuaryWorklist_Test" time="35.304" errors="0" timestamp="2024-08-10T01:14:32 IST" skipped="0">
  <testcase classname="TestCases.Mortuary_TestCases.MortuaryWorklist_Test" name="morturayWorklist_AddToMorgue_TC1" time="26.260"/>
  <testcase classname="TestCases.Mortuary_TestCases.MortuaryWorklist_Test" name="morturayWorklist_ExternalFacility_TC2" time="9.044"/>
</testsuite> <!-- TestCases.Mortuary_TestCases.MortuaryWorklist_Test -->
