<?xml version="1.0" encoding="UTF-8"?>
<!-- Generated by org.testng.reporters.JUnitReportReporter -->
<testsuite hostname="Grace" failures="0" tests="1" name="TestCases.Psychiatry_TestCases.SessionsSetup_Test" time="47.998" errors="0" timestamp="2024-08-25T14:47:48 IST" skipped="0">
  <testcase classname="TestCases.Psychiatry_TestCases.SessionsSetup_Test" name="stagesSetUp_TC1" time="47.998"/>
</testsuite> <!-- TestCases.Psychiatry_TestCases.SessionsSetup_Test -->
