<?xml version="1.0" encoding="UTF-8"?>
<!-- Generated by org.testng.reporters.JUnitReportReporter -->
<testsuite hostname="Grace" failures="0" tests="1" name="EMR_TestCases.Close_OutPatient_Visit" time="27.155" errors="0" timestamp="2024-07-10T17:58:29 IST" skipped="0">
  <testcase classname="EMR_TestCases.Close_OutPatient_Visit" name="CloseOutPatient_TC014" time="27.155"/>
</testsuite> <!-- EMR_TestCases.Close_OutPatient_Visit -->
