<?xml version="1.0" encoding="UTF-8"?>
<!-- Generated by org.testng.reporters.JUnitReportReporter -->
<testsuite hostname="Grace" failures="0" tests="1" name="TestCases.ADT_TestCases.BedTransfer_Test" time="42.476" errors="0" timestamp="2024-10-23T00:39:26 IST" skipped="0">
  <testcase classname="TestCases.ADT_TestCases.BedTransfer_Test" name="bedTransfer_TC03" time="42.476"/>
</testsuite> <!-- TestCases.ADT_TestCases.BedTransfer_Test -->
