<?xml version="1.0" encoding="UTF-8"?>
<!-- Generated by org.testng.reporters.JUnitReportReporter -->
<testsuite hostname="Grace" failures="0" tests="1" name="TestCases.Mortuary_TestCases.DeceasedRelatives_Test" time="58.024" errors="0" timestamp="2024-10-04T21:26:18 IST" skipped="0">
  <testcase classname="TestCases.Mortuary_TestCases.DeceasedRelatives_Test" name="deceasedRelatives_TC7" time="58.024"/>
</testsuite> <!-- TestCases.Mortuary_TestCases.DeceasedRelatives_Test -->
