<?xml version="1.0" encoding="UTF-8"?>
<!-- Generated by org.testng.reporters.JUnitReportReporter -->
<testsuite hostname="Grace" failures="0" tests="1" name="OR_TestCases.ORWorklist_Test" time="55.260" errors="0" timestamp="2024-07-26T00:11:57 IST" skipped="0">
  <testcase classname="OR_TestCases.ORWorklist_Test" name="ORWorklist_TC2" time="55.260"/>
</testsuite> <!-- OR_TestCases.ORWorklist_Test -->
