<?xml version="1.0" encoding="UTF-8"?>
<!-- Generated by org.testng.reporters.JUnitReportReporter -->
<testsuite hostname="Grace" failures="0" tests="1" name="TestCases.PMI_TestCases.BabyReg_Test_TC002" time="111.429" errors="0" timestamp="2025-02-18T15:03:24 IST" skipped="0">
  <testcase classname="TestCases.PMI_TestCases.BabyReg_Test_TC002" name="babyReg_TC2" time="111.429"/>
</testsuite> <!-- TestCases.PMI_TestCases.BabyReg_Test_TC002 -->
