<?xml version="1.0" encoding="UTF-8"?>
<!-- Generated by org.testng.reporters.JUnitReportReporter -->
<testsuite hostname="Grace" failures="0" tests="2" name="TestCases.Psychiatry_TestCases.ReligiousMeeting_Test" time="36.923" errors="0" timestamp="2024-08-28T14:28:58 IST" skipped="0">
  <testcase classname="TestCases.Psychiatry_TestCases.ReligiousMeeting_Test" name="religiousCreatingPrayer_TC2" time="16.126"/>
  <testcase classname="TestCases.Psychiatry_TestCases.ReligiousMeeting_Test" name="religiousAddMeeting_TC1" time="20.797"/>
</testsuite> <!-- TestCases.Psychiatry_TestCases.ReligiousMeeting_Test -->
