<?xml version="1.0" encoding="UTF-8"?>
<!-- Generated by org.testng.reporters.JUnitReportReporter -->
<testsuite hostname="Grace" failures="0" tests="1" name="TestCases.NurseDrugReceive_TestCases.NurseDrugReceive_Test" time="113.667" errors="0" timestamp="2024-10-08T19:47:01 IST" skipped="0">
  <testcase classname="TestCases.NurseDrugReceive_TestCases.NurseDrugReceive_Test" name="morturayWorklist_AddToMorgue_TC1" time="113.667"/>
</testsuite> <!-- TestCases.NurseDrugReceive_TestCases.NurseDrugReceive_Test -->
