<?xml version="1.0" encoding="UTF-8"?>
<!-- Generated by org.testng.reporters.JUnitReportReporter -->
<testsuite hostname="Grace" failures="0" tests="1" name="OR_TestCases.ORVerification_Test" time="26.450" errors="0" timestamp="2024-06-06T13:18:00 IST" skipped="0">
  <testcase classname="OR_TestCases.ORVerification_Test" name="ORReporting_TC4" time="26.450"/>
</testsuite> <!-- OR_TestCases.ORVerification_Test -->
