<?xml version="1.0" encoding="UTF-8"?>
<!-- Generated by org.testng.reporters.JUnitReportReporter -->
<testsuite hostname="Grace" failures="0" tests="1" name="EMR_TestCases.MultipleNotes_Test" time="40.703" errors="0" timestamp="2024-05-22T21:35:45 IST" skipped="0">
  <testcase classname="EMR_TestCases.MultipleNotes_Test" name="MultipleNotes_TC12" time="40.703"/>
</testsuite> <!-- EMR_TestCases.MultipleNotes_Test -->
