<?xml version="1.0" encoding="UTF-8"?>
<!-- Generated by org.testng.reporters.JUnitReportReporter -->
<testsuite hostname="Grace" failures="0" tests="1" name="TestCases.PMI_TestCases.Registration_Test2" time="90.548" errors="0" timestamp="2024-11-07T15:24:54 IST" skipped="0">
  <testcase classname="TestCases.PMI_TestCases.Registration_Test2" name="registration_TC1" time="90.548"/>
</testsuite> <!-- TestCases.PMI_TestCases.Registration_Test2 -->
