<?xml version="1.0" encoding="UTF-8"?>
<!-- Generated by org.testng.reporters.JUnitReportReporter -->
<testsuite hostname="Grace" failures="0" tests="3" name="VTE_Assessments_TestCases.PostnatalAssessment_Test" time="76.875" errors="0" timestamp="2024-06-30T13:57:46 IST" skipped="0">
  <testcase classname="VTE_Assessments_TestCases.PostnatalAssessment_Test" name="Postnatal_Assess_LowerRisk_TC01" time="37.972"/>
  <testcase classname="VTE_Assessments_TestCases.PostnatalAssessment_Test" name="Postnatal_Assess_IntermediateRisk_TC02" time="19.795"/>
  <testcase classname="VTE_Assessments_TestCases.PostnatalAssessment_Test" name="Postnatal_Assess_HighRisk_TC03" time="19.108"/>
</testsuite> <!-- VTE_Assessments_TestCases.PostnatalAssessment_Test -->
