<?xml version="1.0" encoding="UTF-8"?>
<!-- Generated by org.testng.reporters.JUnitReportReporter -->
<testsuite hostname="Grace" failures="0" tests="1" name="TestCases.Mortuary_TestCases.MortuaryWorklist_ExternalFacility_Test" time="36.354" errors="0" timestamp="2024-08-15T14:41:59 IST" skipped="0">
  <testcase classname="TestCases.Mortuary_TestCases.MortuaryWorklist_ExternalFacility_Test" name="morturayWorklist_ExternalFacility_TC2" time="36.354"/>
</testsuite> <!-- TestCases.Mortuary_TestCases.MortuaryWorklist_ExternalFacility_Test -->
