<?xml version="1.0" encoding="UTF-8"?>
<!-- Generated by org.testng.reporters.JUnitReportReporter -->
<testsuite hostname="Grace" failures="0" tests="1" name="TestCases.Psychiatry_TestCases.ReligiousActivities_Test" time="62.684" errors="0" timestamp="2024-08-28T13:52:25 IST" skipped="0">
  <testcase classname="TestCases.Psychiatry_TestCases.ReligiousActivities_Test" name="religiousActivities_TC1" time="62.684"/>
</testsuite> <!-- TestCases.Psychiatry_TestCases.ReligiousActivities_Test -->
