<?xml version="1.0" encoding="UTF-8"?>
<!-- Generated by org.testng.reporters.JUnitReportReporter -->
<testsuite hostname="Grace" failures="0" tests="1" name="OR_TestCases.MultiProcedure_Test" time="56.119" errors="0" timestamp="2024-06-06T01:37:15 IST" skipped="0">
  <testcase classname="OR_TestCases.MultiProcedure_Test" name="MultiProcedure_TC3" time="56.119"/>
</testsuite> <!-- OR_TestCases.MultiProcedure_Test -->
