<?xml version="1.0" encoding="UTF-8"?>
<!-- Generated by org.testng.reporters.JUnitReportReporter -->
<testsuite hostname="Grace" failures="0" tests="1" name="TestCases.Psychiatry_TestCases.SocialResearch_Test" time="47.810" errors="0" timestamp="2024-09-18T17:04:23 IST" skipped="0">
  <testcase classname="TestCases.Psychiatry_TestCases.SocialResearch_Test" name="socialResearch_TC7" time="47.810"/>
</testsuite> <!-- TestCases.Psychiatry_TestCases.SocialResearch_Test -->
