<?xml version="1.0" encoding="UTF-8"?>
<!-- Generated by org.testng.reporters.JUnitReportReporter -->
<testsuite hostname="Grace" failures="0" tests="1" name="TestCases.EMR_TestCases.Diagnosis_Test" time="50.506" errors="0" timestamp="2025-04-06T17:00:36 IST" skipped="0">
  <testcase classname="TestCases.EMR_TestCases.Diagnosis_Test" name="diagnosis_TC3" time="50.506"/>
</testsuite> <!-- TestCases.EMR_TestCases.Diagnosis_Test -->
