<?xml version="1.0" encoding="UTF-8"?>
<!-- Generated by org.testng.reporters.JUnitReportReporter -->
<testsuite hostname="Grace" failures="0" tests="1" name="TestCases.lab_TestCases.MortuaryWorklist_DeliverCorps_Test" time="44.188" errors="0" timestamp="2024-08-15T15:02:17 IST" skipped="0">
  <testcase classname="TestCases.lab_TestCases.MortuaryWorklist_DeliverCorps_Test" name="morturayWorklist_deliverCorps_TC3" time="44.188"/>
</testsuite> <!-- TestCases.lab_TestCases.MortuaryWorklist_DeliverCorps_Test -->
