<?xml version="1.0" encoding="UTF-8"?>
<!-- Generated by org.testng.reporters.JUnitReportReporter -->
<testsuite hostname="Grace" failures="0" tests="2" name="TestCases.Mortuary_TestCases.AdultDeathRegistration_Test" time="119.816" errors="0" timestamp="2024-08-18T15:22:32 IST" skipped="0">
  <testcase classname="TestCases.Mortuary_TestCases.AdultDeathRegistration_Test" name="adultDeathReg_TC1" time="57.372"/>
  <testcase classname="TestCases.Mortuary_TestCases.AdultDeathRegistration_Test" name="adultDeathReg_newPatient_TC2" time="62.444"/>
</testsuite> <!-- TestCases.Mortuary_TestCases.AdultDeathRegistration_Test -->
