<?xml version="1.0" encoding="UTF-8"?>
<!-- Generated by org.testng.reporters.JUnitReportReporter -->
<testsuite hostname="Grace" failures="0" tests="1" name="EMR_TestCases.Close_Inpatient_Visit" time="33.974" errors="0" timestamp="2024-07-10T18:53:12 IST" skipped="0">
  <testcase classname="EMR_TestCases.Close_Inpatient_Visit" name="CloseInpatientVisit_TC013" time="33.974"/>
</testsuite> <!-- EMR_TestCases.Close_Inpatient_Visit -->
