<?xml version="1.0" encoding="UTF-8"?>
<!-- Generated by org.testng.reporters.JUnitReportReporter -->
<testsuite hostname="Grace" failures="0" tests="1" name="TestCases.PMI_TestCases.Registration_Test_TC001" time="86.307" errors="0" timestamp="2025-04-06T17:00:36 IST" skipped="0">
  <testcase classname="TestCases.PMI_TestCases.Registration_Test_TC001" name="registration_TC1" time="86.307"/>
</testsuite> <!-- TestCases.PMI_TestCases.Registration_Test_TC001 -->
