<?xml version="1.0" encoding="UTF-8"?>
<!-- Generated by org.testng.reporters.JUnitReportReporter -->
<testsuite hostname="Grace" failures="0" tests="1" name="EMR_TestCases.Allergies_Test" time="63.465" errors="0" timestamp="2024-07-29T01:22:52 IST" skipped="0">
  <testcase classname="EMR_TestCases.Allergies_Test" name="allergies_TC4" time="63.465"/>
</testsuite> <!-- EMR_TestCases.Allergies_Test -->
