<?xml version="1.0" encoding="UTF-8"?>
<!-- Generated by org.testng.reporters.JUnitReportReporter -->
<testsuite hostname="Grace" failures="0" tests="1" name="PMI_TestCases.MRN_PDR_Test" time="160.466" errors="0" timestamp="2024-07-08T17:42:17 IST" skipped="0">
  <testcase classname="PMI_TestCases.MRN_PDR_Test" name="mRN_PDR_TC4" time="160.466"/>
</testsuite> <!-- PMI_TestCases.MRN_PDR_Test -->
