<?xml version="1.0" encoding="UTF-8"?>
<!-- Generated by org.testng.reporters.JUnitReportReporter -->
<testsuite hostname="Grace" failures="0" tests="1" name="TestCases.PMI_TestCases.BabyReg_Test_TC003" time="115.333" errors="0" timestamp="2025-04-06T17:00:36 IST" skipped="0">
  <testcase classname="TestCases.PMI_TestCases.BabyReg_Test_TC003" name="babyReg_TC2" time="115.333"/>
</testsuite> <!-- TestCases.PMI_TestCases.BabyReg_Test_TC003 -->
