<?xml version="1.0" encoding="UTF-8"?>
<!-- Generated by org.testng.reporters.JUnitReportReporter -->
<testsuite hostname="Grace" failures="0" tests="1" name="TestCases.ER_TestCases.erVisitRegistration" time="59.349" errors="0" timestamp="2024-07-29T21:12:49 IST" skipped="0">
  <testcase classname="TestCases.ER_TestCases.erVisitRegistration" name="erVisit" time="59.349"/>
</testsuite> <!-- TestCases.ER_TestCases.erVisitRegistration -->
