<?xml version="1.0" encoding="UTF-8"?>
<!-- Generated by org.testng.reporters.JUnitReportReporter -->
<testsuite hostname="Grace" failures="0" tests="5" name="VTE_Assessments_TestCases.AntenatalAssessment_Test" time="155.212" errors="0" timestamp="2024-06-30T21:01:44 IST" skipped="0">
  <testcase classname="VTE_Assessments_TestCases.AntenatalAssessment_Test" name="Antenatal_Assess_LowerRisk_TC01" time="69.727"/>
  <testcase classname="VTE_Assessments_TestCases.AntenatalAssessment_Test" name="Antenatal_Assess_ModerateRisk3_TC02" time="22.793"/>
  <testcase classname="VTE_Assessments_TestCases.AntenatalAssessment_Test" name="Antenatal_Assess_ModerateRisk3_TC03" time="24.962"/>
  <testcase classname="VTE_Assessments_TestCases.AntenatalAssessment_Test" name="Antenatal_Assess_IntermediateRisk_TC04" time="18.999"/>
  <testcase classname="VTE_Assessments_TestCases.AntenatalAssessment_Test" name="Antenatal_Assess_HighRisk_TC05" time="18.731"/>
</testsuite> <!-- VTE_Assessments_TestCases.AntenatalAssessment_Test -->
