<?xml version="1.0" encoding="UTF-8"?>
<!-- Generated by org.testng.reporters.JUnitReportReporter -->
<testsuite hostname="Grace" failures="0" tests="4" name="TestCases.PMI_TestCases.MRN_PDR_Test_TC004" time="168.601" errors="0" timestamp="2025-04-06T17:00:36 IST" skipped="0">
  <testcase classname="TestCases.PMI_TestCases.MRN_PDR_Test_TC004" name="babyReg_TC2" time="78.671"/>
  <testcase classname="TestCases.PMI_TestCases.MRN_PDR_Test_TC004" name="save_MedicalFile" time="30.647"/>
  <testcase classname="TestCases.PMI_TestCases.MRN_PDR_Test_TC004" name="patient_Death_Reg" time="47.528"/>
  <testcase classname="TestCases.PMI_TestCases.MRN_PDR_Test_TC004" name="cancel_Patient_Death" time="11.755"/>
</testsuite> <!-- TestCases.PMI_TestCases.MRN_PDR_Test_TC004 -->
