<?xml version="1.0" encoding="UTF-8"?>
<!-- Generated by org.testng.reporters.JUnitReportReporter -->
<testsuite hostname="Grace" failures="0" tests="1" name="TestCases.ADT_TestCases.PatientAdmission_Test" time="50.524" errors="0" timestamp="2024-10-30T21:36:58 IST" skipped="0">
  <testcase classname="TestCases.ADT_TestCases.PatientAdmission_Test" name="patientAdmission_TC01" time="50.524"/>
</testsuite> <!-- TestCases.ADT_TestCases.PatientAdmission_Test -->
