<?xml version="1.0" encoding="UTF-8"?>
<!-- Generated by org.testng.reporters.JUnitReportReporter -->
<testsuite hostname="Grace" failures="0" tests="1" name="TestCases.Mortuary_TestCases.PerinatalDeathReg_Test" time="31.077" errors="0" timestamp="2024-08-08T01:03:22 IST" skipped="0">
  <testcase classname="TestCases.Mortuary_TestCases.PerinatalDeathReg_Test" name="adultDeathReg_TC1" time="31.077"/>
</testsuite> <!-- TestCases.Mortuary_TestCases.PerinatalDeathReg_Test -->
