<?xml version="1.0" encoding="UTF-8"?>
<!-- Generated by org.testng.reporters.JUnitReportReporter -->
<testsuite hostname="Grace" failures="0" tests="1" name="TestCases.EMR_TestCases.TC025_Lab_Test" time="102.669" errors="0" timestamp="2025-04-08T11:59:11 IST" skipped="0">
  <testcase classname="TestCases.EMR_TestCases.TC025_Lab_Test" name="LabTest" time="102.669"/>
</testsuite> <!-- TestCases.EMR_TestCases.TC025_Lab_Test -->
