<?xml version="1.0" encoding="UTF-8"?>
<!-- Generated by org.testng.reporters.JUnitReportReporter -->
<testsuite hostname="Grace" failures="0" tests="3" name="TestCases.Mortuary_TestCases.MortuarySetup_Test" time="32.803" errors="0" timestamp="2024-08-07T23:57:26 IST" skipped="0">
  <testcase classname="TestCases.Mortuary_TestCases.MortuarySetup_Test" name="mortuarySetup_editFreezer_TC3" time="3.126"/>
  <testcase classname="TestCases.Mortuary_TestCases.MortuarySetup_Test" name="mortuarySetup_addFreezer_TC2" time="2.342"/>
  <testcase classname="TestCases.Mortuary_TestCases.MortuarySetup_Test" name="mortuarySetup_TC1" time="27.335"/>
</testsuite> <!-- TestCases.Mortuary_TestCases.MortuarySetup_Test -->
