<?xml version="1.0" encoding="UTF-8"?>
<!-- Generated by org.testng.reporters.JUnitReportReporter -->
<testsuite hostname="Grace" failures="0" tests="1" name="EMR_TestCases.TeamCollaboration_Test" time="43.979" errors="0" timestamp="2024-07-09T23:05:40 IST" skipped="0">
  <testcase classname="EMR_TestCases.TeamCollaboration_Test" name="teamCollaboration_TC8" time="43.979"/>
</testsuite> <!-- EMR_TestCases.TeamCollaboration_Test -->
