<?xml version="1.0" encoding="UTF-8"?>
<!-- Generated by org.testng.reporters.JUnitReportReporter -->
<testsuite hostname="Grace" failures="0" tests="1" name="EMR_TestCases.OR_Request_Test" time="66.462" errors="0" timestamp="2024-07-26T15:17:28 IST" skipped="0">
  <testcase classname="EMR_TestCases.OR_Request_Test" name="OrRequest_TC012" time="66.462"/>
</testsuite> <!-- EMR_TestCases.OR_Request_Test -->
