<?xml version="1.0" encoding="UTF-8"?>
<!-- Generated by org.testng.reporters.JUnitReportReporter -->
<testsuite hostname="Grace" failures="0" tests="4" name="VTE_Assessments_TestCases.AdultAssessment_Test" time="135.250" errors="0" timestamp="2024-06-30T15:23:11 IST" skipped="0">
  <testcase classname="VTE_Assessments_TestCases.AdultAssessment_Test" name="Adult_Assess_LowRisk_TC01" time="83.783"/>
  <testcase classname="VTE_Assessments_TestCases.AdultAssessment_Test" name="Adult_Assess_ModerateRisk_TC02" time="16.949"/>
  <testcase classname="VTE_Assessments_TestCases.AdultAssessment_Test" name="Adult_Assess_HighRisk_TC03" time="21.201"/>
  <testcase classname="VTE_Assessments_TestCases.AdultAssessment_Test" name="Adult_Assess_HighestRisk_TC04" time="13.317"/>
</testsuite> <!-- VTE_Assessments_TestCases.AdultAssessment_Test -->
