<?xml version="1.0" encoding="UTF-8"?>
<!-- Generated by org.testng.reporters.JUnitReportReporter -->
<testsuite hostname="Grace" failures="0" tests="1" name="TestCases.PMI_TestCases.Registration_Guardian_TC002" time="58.443" errors="0" timestamp="2025-04-06T17:00:36 IST" skipped="0">
  <testcase classname="TestCases.PMI_TestCases.Registration_Guardian_TC002" name="regGuardian_TC2" time="58.443"/>
</testsuite> <!-- TestCases.PMI_TestCases.Registration_Guardian_TC002 -->
