<?xml version="1.0" encoding="UTF-8"?>
<!-- Generated by org.testng.reporters.JUnitReportReporter -->
<testsuite hostname="Grace" failures="0" tests="1" name="EMR_TestCases.Close_Emergency_Visit" time="29.868" errors="0" timestamp="2024-07-10T19:03:29 IST" skipped="0">
  <testcase classname="EMR_TestCases.Close_Emergency_Visit" name="CloseEmergencyVisit_TC015" time="29.868"/>
</testsuite> <!-- EMR_TestCases.Close_Emergency_Visit -->
