<?xml version="1.0" encoding="UTF-8"?>
<!-- Generated by org.testng.reporters.JUnitReportReporter -->
<testsuite hostname="Grace" failures="0" tests="1" name="PMI_TestCases.Registration_Guardian" time="47.059" errors="0" timestamp="2024-07-08T14:51:38 IST" skipped="0">
  <testcase classname="PMI_TestCases.Registration_Guardian" name="regGuardian_TC2" time="47.059"/>
</testsuite> <!-- PMI_TestCases.Registration_Guardian -->
