<?xml version="1.0" encoding="UTF-8"?>
<!-- Generated by org.testng.reporters.JUnitReportReporter -->
<testsuite hostname="Grace" failures="0" tests="1" name="TestCases.Mortuary_TestCases.MortuaryWorklist_Forensics_Test" time="49.184" errors="0" timestamp="2024-08-15T15:30:12 IST" skipped="0">
  <testcase classname="TestCases.Mortuary_TestCases.MortuaryWorklist_Forensics_Test" name="morturayWorklist_forensics_TC3" time="49.184"/>
</testsuite> <!-- TestCases.Mortuary_TestCases.MortuaryWorklist_Forensics_Test -->
