<?xml version="1.0" encoding="UTF-8"?>
<!-- Generated by org.testng.reporters.JUnitReportReporter -->
<testsuite hostname="Grace" failures="0" tests="1" name="EMR_TestCases.Diagnosis_Test" time="67.258" errors="0" timestamp="2024-07-29T00:39:23 IST" skipped="0">
  <testcase classname="EMR_TestCases.Diagnosis_Test" name="diagnosis_TC3" time="67.258"/>
</testsuite> <!-- EMR_TestCases.Diagnosis_Test -->
