<?xml version="1.0" encoding="UTF-8"?>
<!-- Generated by org.testng.reporters.JUnitReportReporter -->
<testsuite hostname="Grace" failures="0" tests="1" name="ADT_TestCases.Discharge_Test" time="79.281" errors="0" timestamp="2024-07-17T11:58:53 IST" skipped="0">
  <testcase classname="ADT_TestCases.Discharge_Test" name="dischargeTestCases" time="79.281"/>
</testsuite> <!-- ADT_TestCases.Discharge_Test -->
