<?xml version="1.0" encoding="UTF-8"?>
<!-- Generated by org.testng.reporters.JUnitReportReporter -->
<testsuite hostname="Grace" failures="0" tests="1" name="TestCases.EMR_TestCases.SickLeave_Test" time="71.483" errors="0" timestamp="2025-04-06T17:00:36 IST" skipped="0">
  <testcase classname="TestCases.EMR_TestCases.SickLeave_Test" name="sickLeave_Test" time="71.483"/>
</testsuite> <!-- TestCases.EMR_TestCases.SickLeave_Test -->
