<?xml version="1.0" encoding="UTF-8"?>
<!-- Generated by org.testng.reporters.JUnitReportReporter -->
<testsuite hostname="Grace" failures="0" tests="1" name="TestCases.EMR_TestCases.TC026_LabFromPalette_Test" time="80.961" errors="0" timestamp="2025-04-08T11:52:51 IST" skipped="0">
  <testcase classname="TestCases.EMR_TestCases.TC026_LabFromPalette_Test" name="LabFromPalette_Test" time="80.961"/>
</testsuite> <!-- TestCases.EMR_TestCases.TC026_LabFromPalette_Test -->
