<?xml version="1.0" encoding="UTF-8"?>
<!-- Generated by org.testng.reporters.JUnitReportReporter -->
<testsuite hostname="Grace" failures="0" tests="1" name="TestCases.EMR_TestCases.TC029_EditPharmacyOrderInDraftArea_Test" time="78.806" errors="0" timestamp="2025-04-07T01:46:51 IST" skipped="0">
  <testcase classname="TestCases.EMR_TestCases.TC029_EditPharmacyOrderInDraftArea_Test" name="EditPharmacyOrderInDraftArea_Test" time="78.806"/>
</testsuite> <!-- TestCases.EMR_TestCases.TC029_EditPharmacyOrderInDraftArea_Test -->
